<!doctype html>
<html lang="en"><head><meta charSet="utf-8"/><meta http-equiv="X-UA-Compatible" content="IE=edge"/><meta name="viewport" content="width=device-width, initial-scale=1"/><title>Mochawesome Report</title><link rel="stylesheet" href="assets\app.css"/></head><body data-raw="{&quot;stats&quot;:{&quot;suites&quot;:1,&quot;tests&quot;:9,&quot;passes&quot;:0,&quot;pending&quot;:0,&quot;failures&quot;:9,&quot;testsRegistered&quot;:9,&quot;passPercent&quot;:0,&quot;pendingPercent&quot;:0,&quot;other&quot;:0,&quot;hasOther&quot;:false,&quot;skipped&quot;:0,&quot;hasSkipped&quot;:false,&quot;start&quot;:&quot;2024-09-03T14:56:28.919Z&quot;,&quot;end&quot;:&quot;2024-09-03T14:57:46.060Z&quot;,&quot;duration&quot;:77141},&quot;results&quot;:[{&quot;uuid&quot;:&quot;b7f7b8dd-39fc-4b88-8e0e-89a9c6151496&quot;,&quot;title&quot;:&quot;&quot;,&quot;fullFile&quot;:&quot;cypress\\e2e\\Specs\\Navigation.cy.js&quot;,&quot;file&quot;:&quot;cypress\\e2e\\Specs\\Navigation.cy.js&quot;,&quot;beforeHooks&quot;:[],&quot;afterHooks&quot;:[],&quot;tests&quot;:[],&quot;suites&quot;:[{&quot;uuid&quot;:&quot;6a7b68d8-9e9b-4338-a679-f4b481e69655&quot;,&quot;title&quot;:&quot;Login Testcases&quot;,&quot;fullFile&quot;:&quot;cypress\\e2e\\Specs\\Navigation.cy.js&quot;,&quot;file&quot;:&quot;cypress\\e2e\\Specs\\Navigation.cy.js&quot;,&quot;beforeHooks&quot;:[],&quot;afterHooks&quot;:[],&quot;tests&quot;:[{&quot;title&quot;:&quot;Assert Dashboard Home navigation&quot;,&quot;fullTitle&quot;:&quot;Login Testcases Assert Dashboard Home navigation&quot;,&quot;timedOut&quot;:null,&quot;duration&quot;:19921,&quot;state&quot;:&quot;failed&quot;,&quot;speed&quot;:null,&quot;pass&quot;:false,&quot;fail&quot;:true,&quot;pending&quot;:false,&quot;context&quot;:&quot;[\n    {\n        \&quot;title\&quot;: \&quot;Failed screenshot\&quot;,\n        \&quot;value\&quot;: \&quot;screenshots\\\\Navigation.cy.js/Login%20Testcases%20--%20Assert%20Dashboard%20Home%20navigation%20(failed).png\&quot;\n    }\n]&quot;,&quot;code&quot;:&quot;const ln = new _NavigationPOM.default();\ncy.fixture(&#x27;Navigation.json&#x27;).then(loginData =&gt; {\n  const {\n    validUser\n  } = loginData;\n  ln.FillEmail(validUser.username);\n  ln.FillPassword(validUser.password);\n  ln.ClickSignIn();\n  let id = \&quot;tegspcsa\&quot;;\n  ln.GetOTP(id, validUser.username);\n  ln.AssertLogIn();\n  ln.clickHome();\n  ln.AssertHome();\n});&quot;,&quot;err&quot;:{&quot;message&quot;:&quot;AssertionError: Timed out retrying after 4000ms: Expected to find element: `.sc-e895a8af-0`, but never found it.&quot;,&quot;estack&quot;:&quot;AssertionError: Timed out retrying after 4000ms: Expected to find element: `.sc-e895a8af-0`, but never found it.\n    at Navigation.ClickSignIn (webpack:///./cypress/e2e/POM_Files/NavigationPOM.cy.js:59:7)\n    at Context.eval (webpack:///./cypress/e2e/Specs/Navigation.cy.js:17:9)&quot;,&quot;diff&quot;:null},&quot;uuid&quot;:&quot;fff97ba6-d592-45c0-8494-5f46f15499a0&quot;,&quot;parentUUID&quot;:&quot;6a7b68d8-9e9b-4338-a679-f4b481e69655&quot;,&quot;isHook&quot;:false,&quot;skipped&quot;:false},{&quot;title&quot;:&quot;Assert nodes navigation&quot;,&quot;fullTitle&quot;:&quot;Login Testcases Assert nodes navigation&quot;,&quot;timedOut&quot;:null,&quot;duration&quot;:6281,&quot;state&quot;:&quot;failed&quot;,&quot;speed&quot;:null,&quot;pass&quot;:false,&quot;fail&quot;:true,&quot;pending&quot;:false,&quot;context&quot;:&quot;[\n    {\n        \&quot;title\&quot;: \&quot;Failed screenshot\&quot;,\n        \&quot;value\&quot;: \&quot;screenshots\\\\Navigation.cy.js/Login%20Testcases%20--%20Assert%20nodes%20navigation%20(failed).png\&quot;\n    }\n]&quot;,&quot;code&quot;:&quot;const ln = new _NavigationPOM.default();\ncy.fixture(&#x27;Navigation.json&#x27;).then(loginData =&gt; {\n  const {\n    validUser\n  } = loginData;\n  ln.FillEmail(validUser.username);\n  ln.FillPassword(validUser.password);\n  ln.ClickSignIn();\n  let id = \&quot;tegspcsa\&quot;;\n  ln.GetOTP(id, validUser.username);\n  ln.clickNodes();\n  ln.AssertNodes();\n});&quot;,&quot;err&quot;:{&quot;message&quot;:&quot;AssertionError: Timed out retrying after 4000ms: Expected to find element: `.sc-e895a8af-0`, but never found it.&quot;,&quot;estack&quot;:&quot;AssertionError: Timed out retrying after 4000ms: Expected to find element: `.sc-e895a8af-0`, but never found it.\n    at Navigation.ClickSignIn (webpack:///./cypress/e2e/POM_Files/NavigationPOM.cy.js:59:7)\n    at Context.eval (webpack:///./cypress/e2e/Specs/Navigation.cy.js:32:9)&quot;,&quot;diff&quot;:null},&quot;uuid&quot;:&quot;b624cb9b-0968-44f7-8ae1-95d5308b09a3&quot;,&quot;parentUUID&quot;:&quot;6a7b68d8-9e9b-4338-a679-f4b481e69655&quot;,&quot;isHook&quot;:false,&quot;skipped&quot;:false},{&quot;title&quot;:&quot;Assert Rewards navigation&quot;,&quot;fullTitle&quot;:&quot;Login Testcases Assert Rewards navigation&quot;,&quot;timedOut&quot;:null,&quot;duration&quot;:6399,&quot;state&quot;:&quot;failed&quot;,&quot;speed&quot;:null,&quot;pass&quot;:false,&quot;fail&quot;:true,&quot;pending&quot;:false,&quot;context&quot;:&quot;[\n    {\n        \&quot;title\&quot;: \&quot;Failed screenshot\&quot;,\n        \&quot;value\&quot;: \&quot;screenshots\\\\Navigation.cy.js/Login%20Testcases%20--%20Assert%20Rewards%20navigation%20(failed).png\&quot;\n    }\n]&quot;,&quot;code&quot;:&quot;const ln = new _NavigationPOM.default();\ncy.fixture(&#x27;Navigation.json&#x27;).then(loginData =&gt; {\n  const {\n    validUser\n  } = loginData;\n  ln.FillEmail(validUser.username);\n  ln.FillPassword(validUser.password);\n  ln.ClickSignIn();\n  let id = \&quot;tegspcsa\&quot;;\n  ln.GetOTP(id, validUser.username);\n  ln.clickRewards();\n  ln.AssertRewards();\n});&quot;,&quot;err&quot;:{&quot;message&quot;:&quot;AssertionError: Timed out retrying after 4000ms: Expected to find element: `.sc-e895a8af-0`, but never found it.&quot;,&quot;estack&quot;:&quot;AssertionError: Timed out retrying after 4000ms: Expected to find element: `.sc-e895a8af-0`, but never found it.\n    at Navigation.ClickSignIn (webpack:///./cypress/e2e/POM_Files/NavigationPOM.cy.js:59:7)\n    at Context.eval (webpack:///./cypress/e2e/Specs/Navigation.cy.js:47:9)&quot;,&quot;diff&quot;:null},&quot;uuid&quot;:&quot;139f7d9f-61a7-4071-8a6f-99e625b0f54a&quot;,&quot;parentUUID&quot;:&quot;6a7b68d8-9e9b-4338-a679-f4b481e69655&quot;,&quot;isHook&quot;:false,&quot;skipped&quot;:false},{&quot;title&quot;:&quot;Assert Wallet navigation&quot;,&quot;fullTitle&quot;:&quot;Login Testcases Assert Wallet navigation&quot;,&quot;timedOut&quot;:null,&quot;duration&quot;:6516,&quot;state&quot;:&quot;failed&quot;,&quot;speed&quot;:null,&quot;pass&quot;:false,&quot;fail&quot;:true,&quot;pending&quot;:false,&quot;context&quot;:&quot;[\n    {\n        \&quot;title\&quot;: \&quot;Failed screenshot\&quot;,\n        \&quot;value\&quot;: \&quot;screenshots\\\\Navigation.cy.js/Login%20Testcases%20--%20Assert%20Wallet%20navigation%20(failed).png\&quot;\n    }\n]&quot;,&quot;code&quot;:&quot;const ln = new _NavigationPOM.default();\ncy.fixture(&#x27;Navigation.json&#x27;).then(loginData =&gt; {\n  const {\n    validUser\n  } = loginData;\n  ln.FillEmail(validUser.username);\n  ln.FillPassword(validUser.password);\n  ln.ClickSignIn();\n  let id = \&quot;tegspcsa\&quot;;\n  ln.GetOTP(id, validUser.username);\n  ln.clickWallet();\n  ln.AssertWallet();\n});&quot;,&quot;err&quot;:{&quot;message&quot;:&quot;AssertionError: Timed out retrying after 4000ms: Expected to find element: `.sc-e895a8af-0`, but never found it.&quot;,&quot;estack&quot;:&quot;AssertionError: Timed out retrying after 4000ms: Expected to find element: `.sc-e895a8af-0`, but never found it.\n    at Navigation.ClickSignIn (webpack:///./cypress/e2e/POM_Files/NavigationPOM.cy.js:59:7)\n    at Context.eval (webpack:///./cypress/e2e/Specs/Navigation.cy.js:62:9)&quot;,&quot;diff&quot;:null},&quot;uuid&quot;:&quot;df971df4-eb00-4a6f-a6dd-5b9e7481fe40&quot;,&quot;parentUUID&quot;:&quot;6a7b68d8-9e9b-4338-a679-f4b481e69655&quot;,&quot;isHook&quot;:false,&quot;skipped&quot;:false},{&quot;title&quot;:&quot;Assert Dashboard Store navigation&quot;,&quot;fullTitle&quot;:&quot;Login Testcases Assert Dashboard Store navigation&quot;,&quot;timedOut&quot;:null,&quot;duration&quot;:8826,&quot;state&quot;:&quot;failed&quot;,&quot;speed&quot;:null,&quot;pass&quot;:false,&quot;fail&quot;:true,&quot;pending&quot;:false,&quot;context&quot;:&quot;[\n    {\n        \&quot;title\&quot;: \&quot;Failed screenshot\&quot;,\n        \&quot;value\&quot;: \&quot;screenshots\\\\Navigation.cy.js/Login%20Testcases%20--%20Assert%20Dashboard%20Store%20navigation%20(failed).png\&quot;\n    }\n]&quot;,&quot;code&quot;:&quot;const ln = new _NavigationPOM.default();\ncy.fixture(&#x27;Navigation.json&#x27;).then(loginData =&gt; {\n  const {\n    validUser\n  } = loginData;\n  ln.FillEmail(validUser.username);\n  ln.FillPassword(validUser.password);\n  ln.ClickSignIn();\n  let id = \&quot;tegspcsa\&quot;;\n  ln.GetOTP(id, validUser.username);\n  ln.AssertLogIn();\n  ln.clickStore();\n  ln.AssertStore();\n});&quot;,&quot;err&quot;:{&quot;message&quot;:&quot;AssertionError: Timed out retrying after 4000ms: Expected to find element: `.sc-e895a8af-0`, but never found it.&quot;,&quot;estack&quot;:&quot;AssertionError: Timed out retrying after 4000ms: Expected to find element: `.sc-e895a8af-0`, but never found it.\n    at Navigation.ClickSignIn (webpack:///./cypress/e2e/POM_Files/NavigationPOM.cy.js:59:7)\n    at Context.eval (webpack:///./cypress/e2e/Specs/Navigation.cy.js:77:9)&quot;,&quot;diff&quot;:null},&quot;uuid&quot;:&quot;3dceb661-e108-4b57-80b5-40cea705222a&quot;,&quot;parentUUID&quot;:&quot;6a7b68d8-9e9b-4338-a679-f4b481e69655&quot;,&quot;isHook&quot;:false,&quot;skipped&quot;:false},{&quot;title&quot;:&quot;Assert Dashboard Store navigation&quot;,&quot;fullTitle&quot;:&quot;Login Testcases Assert Dashboard Store navigation&quot;,&quot;timedOut&quot;:null,&quot;duration&quot;:6529,&quot;state&quot;:&quot;failed&quot;,&quot;speed&quot;:null,&quot;pass&quot;:false,&quot;fail&quot;:true,&quot;pending&quot;:false,&quot;context&quot;:&quot;[\n    {\n        \&quot;title\&quot;: \&quot;Failed screenshot\&quot;,\n        \&quot;value\&quot;: \&quot;screenshots\\\\Navigation.cy.js/Login%20Testcases%20--%20Assert%20Dashboard%20Store%20navigation%20(failed)%20(1).png\&quot;\n    }\n]&quot;,&quot;code&quot;:&quot;const ln = new _NavigationPOM.default();\ncy.fixture(&#x27;Navigation.json&#x27;).then(loginData =&gt; {\n  const {\n    validUser\n  } = loginData;\n  ln.FillEmail(validUser.username);\n  ln.FillPassword(validUser.password);\n  ln.ClickSignIn();\n  let id = \&quot;tegspcsa\&quot;;\n  ln.GetOTP(id, validUser.username);\n  ln.AssertLogIn();\n  ln.clickStore();\n  ln.AssertStore();\n});&quot;,&quot;err&quot;:{&quot;message&quot;:&quot;AssertionError: Timed out retrying after 4000ms: Expected to find element: `.sc-e895a8af-0`, but never found it.&quot;,&quot;estack&quot;:&quot;AssertionError: Timed out retrying after 4000ms: Expected to find element: `.sc-e895a8af-0`, but never found it.\n    at Navigation.ClickSignIn (webpack:///./cypress/e2e/POM_Files/NavigationPOM.cy.js:59:7)\n    at Context.eval (webpack:///./cypress/e2e/Specs/Navigation.cy.js:93:9)&quot;,&quot;diff&quot;:null},&quot;uuid&quot;:&quot;1e41b8f9-45d6-4e7e-ac57-eeae6532432c&quot;,&quot;parentUUID&quot;:&quot;6a7b68d8-9e9b-4338-a679-f4b481e69655&quot;,&quot;isHook&quot;:false,&quot;skipped&quot;:false},{&quot;title&quot;:&quot;Assert Dashboard Cart navigation&quot;,&quot;fullTitle&quot;:&quot;Login Testcases Assert Dashboard Cart navigation&quot;,&quot;timedOut&quot;:null,&quot;duration&quot;:6088,&quot;state&quot;:&quot;failed&quot;,&quot;speed&quot;:null,&quot;pass&quot;:false,&quot;fail&quot;:true,&quot;pending&quot;:false,&quot;context&quot;:&quot;[\n    {\n        \&quot;title\&quot;: \&quot;Failed screenshot\&quot;,\n        \&quot;value\&quot;: \&quot;screenshots\\\\Navigation.cy.js/Login%20Testcases%20--%20Assert%20Dashboard%20Cart%20navigation%20(failed).png\&quot;\n    }\n]&quot;,&quot;code&quot;:&quot;const ln = new _NavigationPOM.default();\ncy.fixture(&#x27;Navigation.json&#x27;).then(loginData =&gt; {\n  const {\n    validUser\n  } = loginData;\n  ln.FillEmail(validUser.username);\n  ln.FillPassword(validUser.password);\n  ln.ClickSignIn();\n  let id = \&quot;tegspcsa\&quot;;\n  ln.GetOTP(id, validUser.username);\n  ln.AssertLogIn();\n  ln.ClickCart();\n  ln.AssertStore();\n});&quot;,&quot;err&quot;:{&quot;message&quot;:&quot;AssertionError: Timed out retrying after 4000ms: Expected to find element: `.sc-e895a8af-0`, but never found it.&quot;,&quot;estack&quot;:&quot;AssertionError: Timed out retrying after 4000ms: Expected to find element: `.sc-e895a8af-0`, but never found it.\n    at Navigation.ClickSignIn (webpack:///./cypress/e2e/POM_Files/NavigationPOM.cy.js:59:7)\n    at Context.eval (webpack:///./cypress/e2e/Specs/Navigation.cy.js:108:9)&quot;,&quot;diff&quot;:null},&quot;uuid&quot;:&quot;181a1f9d-b458-49dc-81f2-e1cc5c165720&quot;,&quot;parentUUID&quot;:&quot;6a7b68d8-9e9b-4338-a679-f4b481e69655&quot;,&quot;isHook&quot;:false,&quot;skipped&quot;:false},{&quot;title&quot;:&quot;Assert Dashboard Voting navigation&quot;,&quot;fullTitle&quot;:&quot;Login Testcases Assert Dashboard Voting navigation&quot;,&quot;timedOut&quot;:null,&quot;duration&quot;:6594,&quot;state&quot;:&quot;failed&quot;,&quot;speed&quot;:null,&quot;pass&quot;:false,&quot;fail&quot;:true,&quot;pending&quot;:false,&quot;context&quot;:&quot;[\n    {\n        \&quot;title\&quot;: \&quot;Failed screenshot\&quot;,\n        \&quot;value\&quot;: \&quot;screenshots\\\\Navigation.cy.js/Login%20Testcases%20--%20Assert%20Dashboard%20Voting%20navigation%20(failed).png\&quot;\n    }\n]&quot;,&quot;code&quot;:&quot;const ln = new _NavigationPOM.default();\ncy.fixture(&#x27;Navigation.json&#x27;).then(loginData =&gt; {\n  const {\n    validUser\n  } = loginData;\n  ln.FillEmail(validUser.username);\n  ln.FillPassword(validUser.password);\n  ln.ClickSignIn();\n  let id = \&quot;tegspcsa\&quot;;\n  ln.GetOTP(id, validUser.username);\n  ln.AssertLogIn();\n  ln.ClickVoting();\n  ln.AssertVoting();\n});&quot;,&quot;err&quot;:{&quot;message&quot;:&quot;AssertionError: Timed out retrying after 4000ms: Expected to find element: `.sc-e895a8af-0`, but never found it.&quot;,&quot;estack&quot;:&quot;AssertionError: Timed out retrying after 4000ms: Expected to find element: `.sc-e895a8af-0`, but never found it.\n    at Navigation.ClickSignIn (webpack:///./cypress/e2e/POM_Files/NavigationPOM.cy.js:59:7)\n    at Context.eval (webpack:///./cypress/e2e/Specs/Navigation.cy.js:124:9)&quot;,&quot;diff&quot;:null},&quot;uuid&quot;:&quot;ea0edd4a-f324-4fa6-ba0b-a141172e07cd&quot;,&quot;parentUUID&quot;:&quot;6a7b68d8-9e9b-4338-a679-f4b481e69655&quot;,&quot;isHook&quot;:false,&quot;skipped&quot;:false},{&quot;title&quot;:&quot;Assert Dashboard Support navigation&quot;,&quot;fullTitle&quot;:&quot;Login Testcases Assert Dashboard Support navigation&quot;,&quot;timedOut&quot;:null,&quot;duration&quot;:6215,&quot;state&quot;:&quot;failed&quot;,&quot;speed&quot;:null,&quot;pass&quot;:false,&quot;fail&quot;:true,&quot;pending&quot;:false,&quot;context&quot;:&quot;[\n    {\n        \&quot;title\&quot;: \&quot;Failed screenshot\&quot;,\n        \&quot;value\&quot;: \&quot;screenshots\\\\Navigation.cy.js/Login%20Testcases%20--%20Assert%20Dashboard%20Support%20navigation%20(failed).png\&quot;\n    }\n]&quot;,&quot;code&quot;:&quot;const ln = new _NavigationPOM.default();\ncy.fixture(&#x27;Navigation.json&#x27;).then(loginData =&gt; {\n  const {\n    validUser\n  } = loginData;\n  ln.FillEmail(validUser.username);\n  ln.FillPassword(validUser.password);\n  ln.ClickSignIn();\n  let id = \&quot;tegspcsa\&quot;;\n  ln.GetOTP(id, validUser.username);\n  ln.AssertLogIn();\n  ln.clickSupport();\n});&quot;,&quot;err&quot;:{&quot;message&quot;:&quot;AssertionError: Timed out retrying after 4000ms: Expected to find element: `.sc-e895a8af-0`, but never found it.&quot;,&quot;estack&quot;:&quot;AssertionError: Timed out retrying after 4000ms: Expected to find element: `.sc-e895a8af-0`, but never found it.\n    at Navigation.ClickSignIn (webpack:///./cypress/e2e/POM_Files/NavigationPOM.cy.js:59:7)\n    at Context.eval (webpack:///./cypress/e2e/Specs/Navigation.cy.js:139:9)&quot;,&quot;diff&quot;:null},&quot;uuid&quot;:&quot;402115bb-cbfc-4d58-a0e1-9554d113ee97&quot;,&quot;parentUUID&quot;:&quot;6a7b68d8-9e9b-4338-a679-f4b481e69655&quot;,&quot;isHook&quot;:false,&quot;skipped&quot;:false}],&quot;suites&quot;:[],&quot;passes&quot;:[],&quot;failures&quot;:[&quot;fff97ba6-d592-45c0-8494-5f46f15499a0&quot;,&quot;b624cb9b-0968-44f7-8ae1-95d5308b09a3&quot;,&quot;139f7d9f-61a7-4071-8a6f-99e625b0f54a&quot;,&quot;df971df4-eb00-4a6f-a6dd-5b9e7481fe40&quot;,&quot;3dceb661-e108-4b57-80b5-40cea705222a&quot;,&quot;1e41b8f9-45d6-4e7e-ac57-eeae6532432c&quot;,&quot;181a1f9d-b458-49dc-81f2-e1cc5c165720&quot;,&quot;ea0edd4a-f324-4fa6-ba0b-a141172e07cd&quot;,&quot;402115bb-cbfc-4d58-a0e1-9554d113ee97&quot;],&quot;pending&quot;:[],&quot;skipped&quot;:[],&quot;duration&quot;:73369,&quot;root&quot;:false,&quot;rootEmpty&quot;:false,&quot;_timeout&quot;:2000}],&quot;passes&quot;:[],&quot;failures&quot;:[],&quot;pending&quot;:[],&quot;skipped&quot;:[],&quot;duration&quot;:0,&quot;root&quot;:true,&quot;rootEmpty&quot;:true,&quot;_timeout&quot;:2000}],&quot;meta&quot;:{&quot;mocha&quot;:{&quot;version&quot;:&quot;7.0.1&quot;},&quot;mochawesome&quot;:{&quot;options&quot;:{&quot;quiet&quot;:false,&quot;reportFilename&quot;:&quot;mochawesome&quot;,&quot;saveHtml&quot;:false,&quot;saveJson&quot;:true,&quot;consoleReporter&quot;:&quot;spec&quot;,&quot;useInlineDiffs&quot;:false,&quot;code&quot;:true},&quot;version&quot;:&quot;7.1.3&quot;},&quot;marge&quot;:{&quot;options&quot;:{&quot;overwrite&quot;:false,&quot;html&quot;:false,&quot;json&quot;:true,&quot;reportDir&quot;:&quot;cypress\\reports\\html\\.jsons&quot;},&quot;version&quot;:&quot;6.2.0&quot;}}}" data-config="{&quot;reportFilename&quot;:&quot;index.html&quot;,&quot;reportDir&quot;:&quot;C:\\Users\\Admin\\Documents\\Switch\\cypress\\reports\\html&quot;,&quot;reportTitle&quot;:&quot;Switch&quot;,&quot;reportPageTitle&quot;:&quot;Mochawesome Report&quot;,&quot;inline&quot;:false,&quot;inlineAssets&quot;:false,&quot;cdn&quot;:false,&quot;charts&quot;:false,&quot;enableCharts&quot;:false,&quot;code&quot;:true,&quot;enableCode&quot;:true,&quot;autoOpen&quot;:false,&quot;overwrite&quot;:true,&quot;timestamp&quot;:false,&quot;ts&quot;:false,&quot;showPassed&quot;:true,&quot;showFailed&quot;:true,&quot;showPending&quot;:true,&quot;showSkipped&quot;:false,&quot;showHooks&quot;:&quot;failed&quot;,&quot;saveJson&quot;:false,&quot;saveHtml&quot;:true,&quot;dev&quot;:false,&quot;assetsDir&quot;:&quot;C:\\Users\\Admin\\Documents\\Switch\\cypress\\reports\\html\\assets&quot;,&quot;htmlFile&quot;:&quot;C:\\Users\\Admin\\Documents\\Switch\\cypress\\reports\\html\\index.html&quot;}"><div id="report"></div><script src="assets\app.js"></script></body></html>